<?xml version="1.0" encoding="UTF-8"?>
<!-- Generated by org.testng.reporters.JUnitReportReporter -->
<testsuite hostname="DESKTOP-BSKTGV2" failures="0" tests="1" name="Test1" time="56.025" errors="0" timestamp="2020-07-27T18:45:20 IST" skipped="0">
  <testcase classname="Test1" name="testCaseVerifyItemInCart" time="56.025"/>
  <system-out/>
</testsuite> <!-- Test1 -->
