<?xml version="1.0" encoding="UTF-8"?>
<!-- Generated by org.testng.reporters.JUnitReportReporter -->
<testsuite hostname="DESKTOP-BSKTGV2" failures="0" tests="1" name="Test2" time="170.711" errors="0" timestamp="2020-07-27T18:11:47 IST" skipped="0">
  <testcase classname="Test2" name="testCaseVerifyItemInCart" time="170.711"/>
  <system-out/>
</testsuite> <!-- Test2 -->
